[2026-03-31T04:34:52.885Z] GET https://apps.apple.com/au/app/daikin-airbase/id1014441456 → pending (?ms, ?B)
[2026-03-31T04:34:53.133Z] GET https://apps.apple.com/assets/index~Dm8g_C2lYv.js → 200 (73ms, 2221548B)
[2026-03-31T04:34:53.133Z] GET https://apps.apple.com/assets/index~wmUqCnYfd_.css → 200 (17ms, 370128B)
[2026-03-31T04:34:53.228Z] GET https://apps.apple.com/assets/index~C16D7IckKX.js → 200 (35ms, 14563B)
[2026-03-31T04:34:53.229Z] GET https://apps.apple.com/assets/version~BNUm1OH-k3.js → 200 (35ms, 28432B)
[2026-03-31T04:34:53.229Z] GET https://apps.apple.com/assets/mt-perfkit.esm~BKZoTKymeC.js → 200 (36ms, 18347B)
[2026-03-31T04:34:53.229Z] GET https://apps.apple.com/assets/mt-event-queue.esm~Bv4iDGCd5U.js → 200 (36ms, 14334B)
[2026-03-31T04:34:53.229Z] GET https://apps.apple.com/assets/mt-client-logger-core.esm~C76Ol5FZ_o.js → 200 (35ms, 18136B)
[2026-03-31T04:34:53.229Z] GET https://apps.apple.com/assets/mt-metricskit-delegates-html.esm~B1tIUL6Qon.js → 200 (73ms, 2047B)
[2026-03-31T04:34:53.229Z] GET https://apps.apple.com/assets/mt-client-config~Co6QxLRMv4.js → 200 (73ms, 7415B)
[2026-03-31T04:34:53.229Z] GET https://apps.apple.com/assets/mt-metricskit-processor-clickstream.esm~BRd_H7lt9Y.js → 200 (74ms, 50145B)
[2026-03-31T04:34:53.229Z] GET https://apps.apple.com/assets/mt-metricskit-utils-private.esm~DkzakSThTT.js → 200 (37ms, 13325B)
[2026-03-31T04:34:53.230Z] GET https://apps.apple.com/assets/mt-client-logger-core.esm~-rJfHcY8Zf.js → 200 (35ms, 3098B)
[2026-03-31T04:34:53.230Z] GET https://apps.apple.com/assets/mt-metricskit-delegates-web.esm~C4cdYnvnOP.js → 200 (36ms, 27199B)
[2026-03-31T04:34:53.230Z] GET https://apps.apple.com/assets/translations~CmelIf-0Qf.js → 200 (36ms, 175183B)
[2026-03-31T04:34:53.294Z] GET https://www.apple.com/wss/fonts?families=SF+Pro,v4%7CSF+Pro+Icons,v1&display=swap → 200 (21ms, 2810B)
[2026-03-31T04:34:53.294Z] GET https://apps.apple.com/assets/icons/sidebar-searchfield-close-on-light.svg → 200 (1ms, 939B)
[2026-03-31T04:34:53.294Z] GET https://apps.apple.com/api/apps/v1/catalog/au/apps/1014441456?platform=web&additionalPlatforms=appletv%2Cipad%2Ciphone%2Cmac%2CrealityDevice%2Cwatch&extend=accessibility%2CaccessibilityDetails%2CageRating%2CbackgroundAssetsInfo%2CbackgroundAssetsInfoWithOptional%2CcustomArtwork%2CcustomDeepLink%2CcustomIconArtwork%2CcustomPromotionalText%2CcustomScreenshotsByType%2CcustomVideoPreviewsByType%2Cdescription%2CexpectedReleaseDateDisplayFormat%2CfileSizeByDevice%2CgameDisplayName%2CiconArtwork%2CinstallSizeByDeviceInBytes%2CmessagesScreenshots%2CminiGamesDeepLink%2CminimumOSVersion%2Cprivacy%2CprivacyDetails%2CprivacyPolicyUrl%2CremoteControllerRequirement%2CrequirementsByDeviceFamily%2CsupportURLForLanguage%2CsupportedGameCenterFeatures%2CsupportsFunCamera%2CsupportsSharePlay%2CversionHistory%2CwebsiteUrl&extend%5Bapps%5D=distributionKind&extend%5Bapp-events%5D=description%2CproductArtwork%2CproductVideo&include=alternate-apps%2Capp-bundles%2Ccustomers-also-bought-apps%2Cdeveloper%2Cdeveloper-other-apps%2Cmerchandised-in-apps%2Crelated-editorial-items%2Creviews&include%5Bapps%5D=app-events&views=top-in-app-purchasables&availableIn%5Bapp-events%5D=future&sparseLimit%5Bapps%3Acustomers-also-bought-apps%5D=40&sparseLimit%5Bapps%3Adeveloper-other-apps%5D=40&sparseLimit%5Bapps%3Arelated-editorial-items%5D=40&limit%5Breviews%5D=8&l=en-AU → 404 (273ms, 159B)
[2026-03-31T04:34:53.296Z] GET https://apps.apple.com/assets/index~BRTBTu87nN.js → 200 (14ms, 236042B)
[2026-03-31T04:34:53.306Z] GET https://xp.apple.com/config/1/report/xp_amp_appstore_perf → 200 (471ms, 733B)
[2026-03-31T04:34:53.307Z] GET https://xp.apple.com/config/1/report/xp_amp_appstore_unidentified → 200 (446ms, 1042B)
[2026-03-31T04:34:53.581Z] GET https://apps.apple.com/api/apps/v1/editorial/au/collections/1842456901/contents?platform=web&extend%5Beditorial-items%5D=editorialArtwork&extend%5Beditorial-pages%5D=editorialArtwork&sparseLimit%5Bcard-contents%5D=0&previewPlatform=iphone&l=en-AU → 200 (12ms, 30067B)
[2026-03-31T04:34:53.600Z] GET https://is1-ssl.mzstatic.com/image/thumb/Features211/v4/78/61/b9/7861b9d5-8999-25f6-303d-08bf6112f2ce/f26de0fd-1ba0-4cbf-8c76-33fb0fbfeb16.png/40x40bb.webp → 200 (41ms, 3526B)
[2026-03-31T04:34:53.600Z] GET https://is1-ssl.mzstatic.com/image/thumb/Features221/v4/dc/5c/56/dc5c5645-7397-d0f8-b36f-ad91054fdb93/c31e44f2-1f97-4f5a-8629-16eaa60cbd5f.png/40x40bb.webp → 200 (40ms, 3710B)
[2026-03-31T04:34:53.600Z] GET https://is1-ssl.mzstatic.com/image/thumb/Features211/v4/20/ca/47/20ca479c-d4ef-49b7-84aa-6afb1018cb08/7998d3a4-33e3-4abd-9f8b-4d50b60a6a7b.png/40x40bb.webp → 200 (41ms, 3758B)
[2026-03-31T04:34:53.601Z] GET https://is1-ssl.mzstatic.com/image/thumb/Features211/v4/8f/12/b1/8f12b11b-6d84-be31-448b-9a1a8e70823d/49f6ac0a-e911-4ec3-babc-69d92f5749a0.png/40x40bb.webp → 200 (41ms, 3742B)
[2026-03-31T04:34:53.601Z] GET https://is1-ssl.mzstatic.com/image/thumb/Features211/v4/6f/ab/1a/6fab1a47-81a1-2602-113f-e858e458d3dc/df14443a-6b5d-4e5a-8301-01aed86e3024.png/40x40bb.webp → 200 (39ms, 3862B)
[2026-03-31T04:34:53.601Z] GET https://is1-ssl.mzstatic.com/image/thumb/Features211/v4/e4/ea/0a/e4ea0a97-9d12-cd3f-c0d2-9e7e34222e6e/aec56635-f46c-4f90-bbae-7f4abf2fc8ec.png/40x40bb.webp → 200 (40ms, 3910B)
[2026-03-31T04:34:53.601Z] GET https://is1-ssl.mzstatic.com/image/thumb/Features211/v4/56/4d/c3/564dc32e-ba9f-2447-4f06-b2a35bc180d3/15bbc0c7-668b-4a40-b331-8465451c5198.png/40x40bb.webp → 200 (41ms, 3776B)
[2026-03-31T04:34:53.601Z] GET https://is1-ssl.mzstatic.com/image/thumb/Features211/v4/4a/b4/95/4ab4951e-bcd2-df10-7c0c-b439c2a026af/31bf5127-cb13-4bcf-b995-5360bd8a9bc0.png/40x40bb.webp → 200 (40ms, 3620B)
[2026-03-31T04:34:53.601Z] GET https://is1-ssl.mzstatic.com/image/thumb/Features211/v4/7c/75/34/7c7534e2-4d79-2c32-f06b-3225f7ee7517/2efd3a78-2b87-4808-a1d0-e018fd628a4e.png/40x40bb.webp → 200 (41ms, 3738B)
[2026-03-31T04:34:58.786Z] POST https://xp.apple.com/report/2/xp_amp_appstore_perf → pending (?ms, ?B)
[2026-03-31T04:35:00.915Z] GET https://github.com/search?q=daikin+airbase+api&type=repositories → pending (?ms, ?B)
[2026-03-31T04:35:01.480Z] GET https://github.githubassets.com/assets/light-0c8222dcd7a4f9b7.css → 200 (46ms, 76775B)
[2026-03-31T04:35:01.480Z] GET https://github.githubassets.com/assets/light_high_contrast-51c0c6e0c085cc0f.css → 200 (46ms, 77397B)
[2026-03-31T04:35:01.480Z] GET https://github.githubassets.com/assets/dark-fc6eec18532c3ae0.css → 200 (43ms, 76607B)
[2026-03-31T04:35:01.480Z] GET https://github.githubassets.com/assets/dark_high_contrast-96d7b2bab5a6ae4e.css → 200 (55ms, 77291B)
[2026-03-31T04:35:01.480Z] GET https://github.githubassets.com/assets/primer-primitives-10bf9dd67e3d70bd.css → 200 (55ms, 10084B)
[2026-03-31T04:35:01.480Z] GET https://github.githubassets.com/assets/primer-0fcd9af82350aeda.css → 200 (54ms, 412867B)
[2026-03-31T04:35:01.480Z] GET https://github.githubassets.com/assets/global-a40b6ece39d70d4a.css → 200 (55ms, 296195B)
[2026-03-31T04:35:01.480Z] GET https://github.githubassets.com/assets/github-3e4b462972b5430c.css → 200 (43ms, 156394B)
[2026-03-31T04:35:01.480Z] GET https://github.githubassets.com/assets/search-a3d57409c6f67148.css → 200 (43ms, 449B)
[2026-03-31T04:35:01.481Z] GET https://github.githubassets.com/assets/high-contrast-cookie-6d9b25bb81324e28.js → 200 (44ms, 1298B)
[2026-03-31T04:35:01.481Z] GET https://github.githubassets.com/assets/wp-runtime-b3c533d5ff2c1523.js → 200 (110ms, 49487B)
[2026-03-31T04:35:01.481Z] GET https://github.githubassets.com/assets/85924-d72bd3bf2ebf2b33.js → 200 (110ms, 13478B)
[2026-03-31T04:35:01.481Z] GET https://github.githubassets.com/assets/28839-c0b8ec9e4855e70d.js → 200 (111ms, 19840B)
[2026-03-31T04:35:01.481Z] GET https://github.githubassets.com/assets/34646-e2c38a6244e0673e.js → 200 (111ms, 16465B)
[2026-03-31T04:35:01.481Z] GET https://github.githubassets.com/assets/environment-d9bacfd0e507cc58.js → 200 (113ms, 21318B)
[2026-03-31T04:35:01.481Z] GET https://github.githubassets.com/assets/runtime-helpers-9ca289a20b4287f3.js → 200 (113ms, 2747B)
[2026-03-31T04:35:01.481Z] GET https://github.githubassets.com/assets/2966-7fae197fcc122033.js → 200 (113ms, 20271B)
[2026-03-31T04:35:01.481Z] GET https://github.githubassets.com/assets/96232-81264b2e484eeea3.js → 200 (111ms, 9644B)
[2026-03-31T04:35:01.481Z] GET https://github.githubassets.com/assets/41013-98ec62b138074b3c.js → 200 (112ms, 17172B)
[2026-03-31T04:35:01.481Z] GET https://github.githubassets.com/assets/51210-4f6b60f1e56caf0b.js → 200 (113ms, 14054B)
[2026-03-31T04:35:01.481Z] GET https://github.githubassets.com/assets/77313-833d857459e22419.js → 200 (112ms, 13870B)
[2026-03-31T04:35:01.481Z] GET https://github.githubassets.com/assets/46740-6ff37d25440dfd5f.js → 200 (113ms, 12299B)
[2026-03-31T04:35:01.482Z] GET https://github.githubassets.com/assets/38915-1f770cd79bf43e3f.js → 200 (112ms, 10028B)
[2026-03-31T04:35:01.482Z] GET https://github.githubassets.com/assets/96733-d999dfe7d9c40df1.js → 200 (113ms, 176123B)
[2026-03-31T04:35:01.482Z] GET https://github.githubassets.com/assets/github-elements-f1c36b76929ccd9f.js → 200 (112ms, 31436B)
[2026-03-31T04:35:01.482Z] GET https://github.githubassets.com/assets/element-registry-6937b500ab29dc21.js → 200 (112ms, 78564B)
[2026-03-31T04:35:01.482Z] GET https://github.githubassets.com/assets/react-core-521fbfd0b21d32bc.js → 200 (114ms, 186628B)
[2026-03-31T04:35:01.482Z] GET https://github.githubassets.com/assets/react-lib-3f8a185bb97e4f4c.js → 200 (114ms, 382393B)
[2026-03-31T04:35:01.482Z] GET https://github.githubassets.com/assets/7053-9ff0fc016f8d6134.js → 200 (112ms, 8765B)
[2026-03-31T04:35:01.482Z] GET https://github.githubassets.com/assets/79039-13dc534ba9c6a63e.js → 200 (113ms, 16523B)
[2026-03-31T04:35:01.482Z] GET https://github.githubassets.com/assets/61110-91a6e672e6c52371.js → 200 (113ms, 10000B)
[2026-03-31T04:35:01.482Z] GET https://github.githubassets.com/assets/2887-7374f895742e2de6.js → 200 (113ms, 4926B)
[2026-03-31T04:35:01.482Z] GET https://github.githubassets.com/assets/26533-be3434b1ad736595.js → 200 (129ms, 74988B)
[2026-03-31T04:35:01.482Z] GET https://github.githubassets.com/assets/97745-17bf40209ad1b441.js → 200 (114ms, 29903B)
[2026-03-31T04:35:01.482Z] GET https://github.githubassets.com/assets/89155-cd29998a39b55887.js → 200 (113ms, 13249B)
[2026-03-31T04:35:01.482Z] GET https://github.githubassets.com/assets/50686-203ca12c697307e6.js → 200 (113ms, 8792B)
[2026-03-31T04:35:01.482Z] GET https://github.githubassets.com/assets/46779-a5e6403e1f8c73d8.js → 200 (113ms, 36666B)
[2026-03-31T04:35:01.483Z] GET https://github.githubassets.com/assets/60481-2dd020b8c4505ee4.js → 200 (112ms, 8245B)
[2026-03-31T04:35:01.483Z] GET https://github.githubassets.com/assets/46287-4caff6a8b1d9f9be.js → 200 (112ms, 36728B)
[2026-03-31T04:35:01.483Z] GET https://github.githubassets.com/assets/2498-97555f2269e8a9bd.js → 200 (113ms, 9131B)
[2026-03-31T04:35:01.483Z] GET https://github.githubassets.com/assets/57073-4a050339436be175.js → 200 (113ms, 15887B)
[2026-03-31T04:35:01.483Z] GET https://github.githubassets.com/assets/15625-05373890466bf366.js → 200 (113ms, 11790B)
[2026-03-31T04:35:01.483Z] GET https://github.githubassets.com/assets/48527-5de266b1da5c2e34.js → 200 (113ms, 7750B)
[2026-03-31T04:35:01.483Z] GET https://github.githubassets.com/assets/28703-c1456f1aa61b245d.js → 200 (113ms, 9832B)
[2026-03-31T04:35:01.483Z] GET https://github.githubassets.com/assets/99328-91354dc331fd4cdd.js → 200 (113ms, 7210B)
[2026-03-31T04:35:01.483Z] GET https://github.githubassets.com/assets/9211-d528dc57236b2b35.js → 200 (129ms, 71155B)
[2026-03-31T04:35:01.483Z] GET https://github.githubassets.com/assets/91184-657c34dc2b380c4c.js → 200 (113ms, 14630B)
[2026-03-31T04:35:01.483Z] GET https://github.githubassets.com/assets/97232-829cc8b566d31458.js → 200 (114ms, 9745B)
[2026-03-31T04:35:01.483Z] GET https://github.githubassets.com/assets/87774-cb19ae155ee3c918.js → 200 (114ms, 9394B)
[2026-03-31T04:35:01.483Z] GET https://github.githubassets.com/assets/27493-4c94010ef4ae1e22.js → 200 (114ms, 14543B)
[2026-03-31T04:35:01.483Z] GET https://github.githubassets.com/assets/56889-3812304955862655.js → 200 (114ms, 12490B)
[2026-03-31T04:35:01.483Z] GET https://github.githubassets.com/assets/2013-126bbbb468be7e3b.js → 200 (114ms, 10467B)
[2026-03-31T04:35:01.483Z] GET https://github.githubassets.com/assets/81564-fd44bec50cee3386.js → 200 (114ms, 7439B)
[2026-03-31T04:35:01.483Z] GET https://github.githubassets.com/assets/behaviors-abd71523bcd39e4c.js → 200 (129ms, 91070B)
[2026-03-31T04:35:01.483Z] GET https://github.githubassets.com/assets/react-core.f91ac13eb9eab8c7.module.css → 200 (40ms, 446B)
[2026-03-31T04:35:01.483Z] GET https://github.githubassets.com/assets/81863-518132d704f3d667.js → 200 (128ms, 11449B)
[2026-03-31T04:35:01.483Z] GET https://github.githubassets.com/assets/notifications-global-f520baa344c4ccaf.js → 200 (114ms, 11710B)
[2026-03-31T04:35:01.484Z] GET https://github.githubassets.com/assets/search-2e026a558bfe7034.js → 200 (127ms, 6023B)
[2026-03-31T04:35:01.484Z] GET https://github.githubassets.com/assets/primer-react-aeeb618a12fc9635.js → 200 (154ms, 642941B)
[2026-03-31T04:35:01.484Z] GET https://github.githubassets.com/assets/octicons-react-ca419a820093f0c2.js → 200 (154ms, 431059B)
[2026-03-31T04:35:01.484Z] GET https://github.githubassets.com/assets/87376-e0e19b9102432198.js → 200 (149ms, 40798B)
[2026-03-31T04:35:01.484Z] GET https://github.githubassets.com/assets/37869-a6edd40fc0f7a5b7.js → 200 (149ms, 32187B)
[2026-03-31T04:35:01.484Z] GET https://github.githubassets.com/assets/68751-dc22dc5f8bf5a264.js → 200 (149ms, 11906B)
[2026-03-31T04:35:01.484Z] GET https://github.githubassets.com/assets/50938-14e2342a61983e31.js → 200 (149ms, 10950B)
[2026-03-31T04:35:01.484Z] GET https://github.githubassets.com/assets/66353-7a612e8171411615.js → 200 (150ms, 39297B)
[2026-03-31T04:35:01.484Z] GET https://github.githubassets.com/assets/63991-e25341ef4598af2e.js → 200 (150ms, 7333B)
[2026-03-31T04:35:01.484Z] GET https://github.githubassets.com/assets/13333-26f36e4949e69e29.js → 200 (151ms, 13040B)
[2026-03-31T04:35:01.484Z] GET https://github.githubassets.com/assets/16449-19dd254ce374be35.js → 200 (151ms, 17866B)
[2026-03-31T04:35:01.484Z] GET https://github.githubassets.com/assets/55077-d510c436181016ee.js → 200 (152ms, 32175B)
[2026-03-31T04:35:01.484Z] GET https://github.githubassets.com/assets/49095-7d47444f19dfd2e7.js → 200 (151ms, 11205B)
[2026-03-31T04:35:01.484Z] GET https://github.githubassets.com/assets/77988-d7e40ec03f0b91e0.js → 200 (152ms, 9755B)
[2026-03-31T04:35:01.484Z] GET https://github.githubassets.com/assets/blackbird-search-8e61d5a962d24fa2.js → 200 (155ms, 157837B)
[2026-03-31T04:35:01.486Z] GET https://github.githubassets.com/assets/primer-react-css.7175a133622f7cee.module.css → 200 (49ms, 277208B)
[2026-03-31T04:35:01.486Z] GET https://github.githubassets.com/assets/blackbird-search.8d7a2f79a575fb0c.module.css → 200 (49ms, 11225B)
[2026-03-31T04:35:01.486Z] GET https://github.githubassets.com/assets/keyboard-shortcuts-dialog.b9ad12cb49df5e11.module.css → 200 (53ms, 331B)
[2026-03-31T04:35:01.486Z] GET https://github.githubassets.com/assets/46752-06df1a7bce5e9ba9.js → 200 (152ms, 69802B)
[2026-03-31T04:35:01.486Z] GET https://github.githubassets.com/assets/86735-25b6ede3f731457a.js → 200 (151ms, 10384B)
[2026-03-31T04:35:01.486Z] GET https://github.githubassets.com/assets/sessions-90539e93104f869a.js → 200 (152ms, 16198B)
[2026-03-31T04:35:01.486Z] GET https://github.githubassets.com/assets/marketing-navigation.9fd5a3f9c700712d.module.css → 200 (37ms, 10698B)
[2026-03-31T04:35:01.501Z] GET https://github.com/images/modules/search/light.png → 200 (285ms, 25447B)
[2026-03-31T04:35:01.611Z] GET https://github.githubassets.com/assets/chunk-51591-375f71c67c905659.js → 200 (65ms, 17809B)
[2026-03-31T04:35:01.611Z] GET https://github.githubassets.com/assets/chunk-34877-417678a20c83a429.js → 200 (66ms, 834B)
[2026-03-31T04:35:01.611Z] GET https://github.githubassets.com/assets/chunk-36423-c84ccea2d788d8c1.js → 200 (66ms, 11321B)
[2026-03-31T04:35:01.611Z] GET https://github.githubassets.com/assets/62758-2c52ce561820e1db.js → 200 (69ms, 14675B)
[2026-03-31T04:35:01.611Z] GET https://github.githubassets.com/assets/chunk-82097-7fc857cb5424bc8b.js → 200 (66ms, 8846B)
[2026-03-31T04:35:01.611Z] GET https://github.githubassets.com/assets/2694-7845f874754220e5.js → 200 (68ms, 24012B)
[2026-03-31T04:35:01.611Z] GET https://github.githubassets.com/assets/50110-a7caec2cf6afb8f4.js → 200 (68ms, 13615B)
[2026-03-31T04:35:01.611Z] GET https://github.githubassets.com/assets/chunk-23482-6289b5b862e89f45.js → 200 (68ms, 12182B)
[2026-03-31T04:35:01.611Z] GET https://github.githubassets.com/assets/chunk-2257-69c78a3207fa2a70.js → 200 (69ms, 55159B)
[2026-03-31T04:35:01.611Z] GET https://github.githubassets.com/assets/chunk-50050-754d6e747d469bea.js → 200 (68ms, 682B)
[2026-03-31T04:35:01.611Z] GET https://github.githubassets.com/assets/chunk-54704-7c556a181ae89425.js → 200 (69ms, 7484B)
[2026-03-31T04:35:01.611Z] GET https://github.githubassets.com/assets/chunk-69038-33dbfd5d912595b3.js → 200 (69ms, 576B)
[2026-03-31T04:35:01.611Z] GET https://github.githubassets.com/assets/36469-ba19164162d5c300.js → 200 (69ms, 9889B)
[2026-03-31T04:35:01.611Z] GET https://github.githubassets.com/assets/73022-d5bf08ede6053fec.js → 200 (72ms, 28112B)
[2026-03-31T04:35:01.611Z] GET https://github.githubassets.com/assets/59852-29e3420959f94d67.js → 200 (72ms, 6842B)
[2026-03-31T04:35:01.611Z] GET https://github.githubassets.com/assets/47028-6ae1cbb72adc783d.js → 200 (73ms, 10345B)
[2026-03-31T04:35:01.611Z] GET https://github.githubassets.com/assets/38963.f70dfea92b138b01.module.css → 200 (21ms, 311B)
[2026-03-31T04:35:01.611Z] GET https://github.githubassets.com/assets/71236-1e8b5578214f81f0.js → 200 (73ms, 11432B)
[2026-03-31T04:35:01.611Z] GET https://github.githubassets.com/assets/28174-2cfba07576c9f0e6.js → 200 (75ms, 84238B)
[2026-03-31T04:35:01.611Z] GET https://github.githubassets.com/assets/86361-514e0f60709bbb0a.js → 200 (73ms, 17907B)
[2026-03-31T04:35:01.611Z] GET https://github.githubassets.com/assets/70168.374ce4e648336309.module.css → 200 (21ms, 10683B)
[2026-03-31T04:35:01.632Z] GET https://github.githubassets.com/assets/chunk-81053-7ab2a50d80857e68.js → 200 (74ms, 54046B)
[2026-03-31T04:35:01.679Z] GET https://github.githubassets.com/assets/chunk-46661-7ea70c431dcc3df8.js → 200 (35ms, 10224B)
[2026-03-31T04:35:01.716Z] GET https://github.com/search/count?q=daikin+airbase+api+is%3Aissue&type=issues → 200 (251ms, 99B)
[2026-03-31T04:35:01.716Z] GET https://github.com/search/count?q=daikin+airbase+api+is%3Apr&type=pullrequests → 200 (358ms, 99B)
[2026-03-31T04:35:01.716Z] GET https://github.com/search/count?q=daikin+airbase+api&type=discussions → 200 (306ms, 103B)
[2026-03-31T04:35:01.716Z] GET https://github.com/search/count?q=daikin+airbase+api&type=users → 200 (327ms, 80B)
[2026-03-31T04:35:01.717Z] GET https://github.com/search/count?q=daikin+airbase+api&type=commits → 200 (374ms, 99B)
[2026-03-31T04:35:01.717Z] GET https://github.com/search/count?q=daikin+airbase+api&type=registrypackages → 200 (330ms, 91B)
[2026-03-31T04:35:01.718Z] GET https://github.com/search/count?q=daikin+airbase+api&type=wikis → 200 (348ms, 97B)
[2026-03-31T04:35:01.718Z] GET https://github.com/search/count?q=daikin+airbase+api&type=topics → 200 (356ms, 81B)
[2026-03-31T04:35:01.718Z] GET https://github.com/search/count?q=daikin+airbase+api&type=marketplace → 200 (328ms, 86B)
[2026-03-31T04:35:01.719Z] GET https://github.githubassets.com/assets/chunk-8206-6742cff71422573e.js → 200 (19ms, 43837B)
[2026-03-31T04:35:01.719Z] GET https://github.githubassets.com/assets/appearance-settings.93d459094e7cd3d3.module.css → 200 (18ms, 5899B)
[2026-03-31T04:35:01.737Z] GET https://github.githubassets.com/assets/53160-739a27b661a3c9b5.js → 200 (11ms, 15540B)
[2026-03-31T04:35:01.737Z] GET https://github.githubassets.com/assets/37160-d0072b602f6046af.js → 200 (11ms, 10443B)
[2026-03-31T04:35:01.737Z] GET https://github.githubassets.com/assets/71849.38231ebf5311d902.module.css → 200 (11ms, 5885B)
[2026-03-31T04:35:01.767Z] GET https://github.githubassets.com/assets/15272-ad5fb8cca4dc4180.js → 200 (11ms, 9690B)
[2026-03-31T04:35:01.767Z] GET https://github.githubassets.com/assets/61975.b129f60ae2849f5b.module.css → 200 (11ms, 1372B)
[2026-03-31T04:35:01.767Z] GET https://github.githubassets.com/assets/chunk-61975-cc49307716883fe5.js → 200 (11ms, 3896B)
[2026-03-31T04:35:01.789Z] POST https://collector.github.com/github/collect → pending (?ms, ?B)
[2026-03-31T04:35:01.794Z] POST https://api.github.com/_private/browser/stats → pending (?ms, ?B)
[2026-03-31T04:35:01.795Z] POST https://collector.github.com/github/collect → pending (?ms, ?B)
[2026-03-31T04:35:06.791Z] POST https://collector.github.com/github/collect → pending (?ms, ?B)
[2026-03-31T04:51:11.133Z] GET https://github.com/ael-code/daikin-control → 200 (823ms, ?B)
[2026-03-31T04:51:11.963Z] GET https://github.githubassets.com/assets/light-0c8222dcd7a4f9b7.css → 200 (?ms, ?B)
[2026-03-31T04:51:11.963Z] GET https://github.githubassets.com/assets/light_high_contrast-51c0c6e0c085cc0f.css → 200 (?ms, ?B)
[2026-03-31T04:51:11.963Z] GET https://github.githubassets.com/assets/dark-fc6eec18532c3ae0.css → 200 (?ms, ?B)
[2026-03-31T04:51:11.963Z] GET https://github.githubassets.com/assets/dark_high_contrast-96d7b2bab5a6ae4e.css → 200 (?ms, ?B)
[2026-03-31T04:51:11.964Z] GET https://github.githubassets.com/assets/primer-primitives-10bf9dd67e3d70bd.css → 200 (?ms, ?B)
[2026-03-31T04:51:11.964Z] GET https://github.githubassets.com/assets/primer-0fcd9af82350aeda.css → 200 (?ms, ?B)
[2026-03-31T04:51:11.964Z] GET https://github.githubassets.com/assets/global-a40b6ece39d70d4a.css → 200 (?ms, ?B)
[2026-03-31T04:51:11.964Z] GET https://github.githubassets.com/assets/github-3e4b462972b5430c.css → 200 (?ms, ?B)
[2026-03-31T04:51:11.964Z] GET https://github.githubassets.com/assets/repository-6ec84ae2261fecf8.css → pending (?ms, ?B)
[2026-03-31T04:51:11.964Z] GET https://github.githubassets.com/assets/code-2d31826944fd3be8.css → pending (?ms, ?B)
[2026-03-31T04:51:11.964Z] GET https://github.githubassets.com/assets/high-contrast-cookie-6d9b25bb81324e28.js → 200 (?ms, ?B)
[2026-03-31T04:51:11.964Z] GET https://github.githubassets.com/assets/wp-runtime-b3c533d5ff2c1523.js → 200 (?ms, ?B)
[2026-03-31T04:51:11.964Z] GET https://github.githubassets.com/assets/85924-d72bd3bf2ebf2b33.js → 200 (?ms, ?B)
[2026-03-31T04:51:11.964Z] GET https://github.githubassets.com/assets/28839-c0b8ec9e4855e70d.js → 200 (?ms, ?B)
[2026-03-31T04:51:11.965Z] GET https://github.githubassets.com/assets/34646-e2c38a6244e0673e.js → 200 (?ms, ?B)
[2026-03-31T04:51:11.965Z] GET https://github.githubassets.com/assets/environment-d9bacfd0e507cc58.js → 200 (?ms, ?B)
[2026-03-31T04:51:11.965Z] GET https://github.githubassets.com/assets/runtime-helpers-9ca289a20b4287f3.js → 200 (?ms, ?B)
[2026-03-31T04:51:11.965Z] GET https://github.githubassets.com/assets/2966-7fae197fcc122033.js → 200 (?ms, ?B)
[2026-03-31T04:51:11.965Z] GET https://github.githubassets.com/assets/96232-81264b2e484eeea3.js → 200 (?ms, ?B)
[2026-03-31T04:51:11.965Z] GET https://github.githubassets.com/assets/41013-98ec62b138074b3c.js → 200 (?ms, ?B)
[2026-03-31T04:51:11.965Z] GET https://github.githubassets.com/assets/51210-4f6b60f1e56caf0b.js → 200 (?ms, ?B)
[2026-03-31T04:51:11.966Z] GET https://github.githubassets.com/assets/77313-833d857459e22419.js → 200 (?ms, ?B)
[2026-03-31T04:51:11.966Z] GET https://github.githubassets.com/assets/46740-6ff37d25440dfd5f.js → 200 (?ms, ?B)
[2026-03-31T04:51:11.966Z] GET https://github.githubassets.com/assets/38915-1f770cd79bf43e3f.js → 200 (?ms, ?B)
[2026-03-31T04:51:11.966Z] GET https://github.githubassets.com/assets/96733-d999dfe7d9c40df1.js → 200 (?ms, ?B)
[2026-03-31T04:51:11.966Z] GET https://github.githubassets.com/assets/github-elements-f1c36b76929ccd9f.js → 200 (?ms, ?B)
[2026-03-31T04:51:11.967Z] GET https://github.githubassets.com/assets/element-registry-6937b500ab29dc21.js → 200 (?ms, ?B)
[2026-03-31T04:51:11.967Z] GET https://github.githubassets.com/assets/react-core-521fbfd0b21d32bc.js → 200 (?ms, ?B)
[2026-03-31T04:51:11.967Z] GET https://github.githubassets.com/assets/react-lib-3f8a185bb97e4f4c.js → 200 (?ms, ?B)
[2026-03-31T04:51:11.968Z] GET https://github.githubassets.com/assets/7053-9ff0fc016f8d6134.js → 200 (?ms, ?B)
[2026-03-31T04:51:11.968Z] GET https://github.githubassets.com/assets/79039-13dc534ba9c6a63e.js → 200 (?ms, ?B)
[2026-03-31T04:51:11.969Z] GET https://github.githubassets.com/assets/61110-91a6e672e6c52371.js → 200 (?ms, ?B)
[2026-03-31T04:51:11.969Z] GET https://github.githubassets.com/assets/2887-7374f895742e2de6.js → 200 (?ms, ?B)
[2026-03-31T04:51:11.969Z] GET https://github.githubassets.com/assets/26533-be3434b1ad736595.js → 200 (?ms, ?B)
[2026-03-31T04:51:11.969Z] GET https://github.githubassets.com/assets/97745-17bf40209ad1b441.js → 200 (?ms, ?B)
[2026-03-31T04:51:11.969Z] GET https://github.githubassets.com/assets/89155-cd29998a39b55887.js → 200 (?ms, ?B)
[2026-03-31T04:51:11.969Z] GET https://github.githubassets.com/assets/50686-203ca12c697307e6.js → 200 (?ms, ?B)
[2026-03-31T04:51:11.969Z] GET https://github.githubassets.com/assets/46779-a5e6403e1f8c73d8.js → 200 (?ms, ?B)
[2026-03-31T04:51:11.969Z] GET https://github.githubassets.com/assets/60481-2dd020b8c4505ee4.js → 200 (?ms, ?B)
[2026-03-31T04:51:11.969Z] GET https://github.githubassets.com/assets/46287-4caff6a8b1d9f9be.js → 200 (?ms, ?B)
[2026-03-31T04:51:11.969Z] GET https://github.githubassets.com/assets/2498-97555f2269e8a9bd.js → 200 (?ms, ?B)
[2026-03-31T04:51:11.970Z] GET https://github.githubassets.com/assets/57073-4a050339436be175.js → 200 (?ms, ?B)
[2026-03-31T04:51:11.970Z] GET https://github.githubassets.com/assets/15625-05373890466bf366.js → 200 (?ms, ?B)
[2026-03-31T04:51:11.970Z] GET https://github.githubassets.com/assets/48527-5de266b1da5c2e34.js → 200 (?ms, ?B)
[2026-03-31T04:51:11.970Z] GET https://github.githubassets.com/assets/28703-c1456f1aa61b245d.js → 200 (?ms, ?B)
[2026-03-31T04:51:11.970Z] GET https://github.githubassets.com/assets/99328-91354dc331fd4cdd.js → 200 (?ms, ?B)
[2026-03-31T04:51:11.970Z] GET https://github.githubassets.com/assets/9211-d528dc57236b2b35.js → 200 (?ms, ?B)
[2026-03-31T04:51:11.971Z] GET https://github.githubassets.com/assets/91184-657c34dc2b380c4c.js → 200 (?ms, ?B)
[2026-03-31T04:51:11.971Z] GET https://github.githubassets.com/assets/97232-829cc8b566d31458.js → 200 (?ms, ?B)
[2026-03-31T04:51:11.971Z] GET https://github.githubassets.com/assets/87774-cb19ae155ee3c918.js → 200 (?ms, ?B)
[2026-03-31T04:51:11.971Z] GET https://github.githubassets.com/assets/27493-4c94010ef4ae1e22.js → 200 (?ms, ?B)
[2026-03-31T04:51:11.971Z] GET https://github.githubassets.com/assets/56889-3812304955862655.js → 200 (?ms, ?B)
[2026-03-31T04:51:11.971Z] GET https://github.githubassets.com/assets/2013-126bbbb468be7e3b.js → 200 (?ms, ?B)
[2026-03-31T04:51:11.972Z] GET https://github.githubassets.com/assets/81564-fd44bec50cee3386.js → 200 (?ms, ?B)
[2026-03-31T04:51:11.972Z] GET https://github.githubassets.com/assets/behaviors-abd71523bcd39e4c.js → 200 (?ms, ?B)
[2026-03-31T04:51:11.972Z] GET https://github.githubassets.com/assets/react-core.f91ac13eb9eab8c7.module.css → 200 (?ms, ?B)
[2026-03-31T04:51:11.972Z] GET https://github.githubassets.com/assets/81863-518132d704f3d667.js → 200 (?ms, ?B)
[2026-03-31T04:51:11.973Z] GET https://github.githubassets.com/assets/notifications-global-f520baa344c4ccaf.js → 200 (?ms, ?B)
[2026-03-31T04:51:11.973Z] GET https://github.githubassets.com/assets/19262-4c3b05232fb597c5.js → pending (?ms, ?B)
[2026-03-31T04:51:11.973Z] GET https://github.githubassets.com/assets/13284-ce7ca1ab392505b9.js → pending (?ms, ?B)
[2026-03-31T04:51:11.973Z] GET https://github.githubassets.com/assets/19930-5c005d8c44bf85a0.js → pending (?ms, ?B)
[2026-03-31T04:51:11.974Z] GET https://github.githubassets.com/assets/codespaces-39bc48ac6d5dd306.js → pending (?ms, ?B)
[2026-03-31T04:51:11.974Z] GET https://github.githubassets.com/assets/42890-126b39498dc2a1cb.js → pending (?ms, ?B)
[2026-03-31T04:51:11.974Z] GET https://github.githubassets.com/assets/70206-8ad353124c962a56.js → pending (?ms, ?B)
[2026-03-31T04:51:11.974Z] GET https://github.githubassets.com/assets/repositories-a9837b55b984b2ad.js → pending (?ms, ?B)
[2026-03-31T04:51:11.974Z] GET https://github.githubassets.com/assets/34140-23b7e387fad525e7.js → pending (?ms, ?B)
[2026-03-31T04:51:11.974Z] GET https://github.githubassets.com/assets/code-menu-967536ac6b424d39.js → pending (?ms, ?B)
[2026-03-31T04:51:11.974Z] GET https://github.githubassets.com/assets/primer-react-aeeb618a12fc9635.js → pending (?ms, ?B)
[2026-03-31T04:51:11.976Z] GET https://github.githubassets.com/assets/octicons-react-ca419a820093f0c2.js → 200 (?ms, 431059B)
[2026-03-31T04:51:11.978Z] GET https://github.githubassets.com/assets/87376-e0e19b9102432198.js → 200 (?ms, 40798B)
[2026-03-31T04:51:11.978Z] GET https://github.githubassets.com/assets/37869-a6edd40fc0f7a5b7.js → 200 (?ms, 32187B)
[2026-03-31T04:51:11.978Z] GET https://github.githubassets.com/assets/68751-dc22dc5f8bf5a264.js → 200 (5ms, 11906B)
[2026-03-31T04:51:11.984Z] GET https://github.githubassets.com/assets/7463-99acaf07f7d6502a.js → 200 (404ms, 22453B)
[2026-03-31T04:51:11.984Z] GET https://github.githubassets.com/assets/15272-ad5fb8cca4dc4180.js → 200 (?ms, 9690B)
[2026-03-31T04:51:11.990Z] GET https://github.githubassets.com/assets/32769-5b6132406b21f557.js → 200 (398ms, 6573B)
[2026-03-31T04:51:11.990Z] GET https://github.githubassets.com/assets/91498-79905c6495061831.js → 200 (403ms, 140686B)
[2026-03-31T04:51:11.990Z] GET https://github.githubassets.com/assets/50938-14e2342a61983e31.js → 200 (1ms, 10950B)
[2026-03-31T04:51:11.991Z] GET https://github.githubassets.com/assets/13220-130b6ffd242c3cfe.js → 200 (407ms, 11626B)
[2026-03-31T04:51:11.999Z] GET https://github.githubassets.com/assets/76707-4162f37ba2ea87f0.js → 200 (437ms, 7842B)
[2026-03-31T04:51:11.999Z] GET https://github.githubassets.com/assets/73555-64ae17df83a555e5.js → 200 (437ms, 6621B)
[2026-03-31T04:51:11.999Z] GET https://github.githubassets.com/assets/63991-e25341ef4598af2e.js → 200 (1ms, 7333B)
[2026-03-31T04:51:12.000Z] GET https://github.githubassets.com/assets/73022-d5bf08ede6053fec.js → 200 (1ms, 28112B)
[2026-03-31T04:51:12.001Z] GET https://github.githubassets.com/assets/59852-29e3420959f94d67.js → 200 (?ms, 6842B)
[2026-03-31T04:51:12.001Z] GET https://github.githubassets.com/assets/3624-d2c9f18652c46a17.js → 200 (435ms, 28126B)
[2026-03-31T04:51:12.001Z] GET https://github.githubassets.com/assets/66231-90a11d7658c3832a.js → 200 (404ms, 17307B)
[2026-03-31T04:51:12.001Z] GET https://github.githubassets.com/assets/36600-0968e4df2bde843a.js → 200 (408ms, 33275B)
[2026-03-31T04:51:12.001Z] GET https://github.githubassets.com/assets/78956-5698740e5c79c5a7.js → 200 (408ms, 13744B)
[2026-03-31T04:51:12.001Z] GET https://github.githubassets.com/assets/18222-4323474564e5aecc.js → 200 (435ms, 54942B)
[2026-03-31T04:51:12.001Z] GET https://github.githubassets.com/assets/4916-4cfd8dd432dcda55.js → 200 (410ms, 5354B)
[2026-03-31T04:51:12.001Z] GET https://github.githubassets.com/assets/24787-1e80460305bfacf6.js → 200 (410ms, 9489B)
[2026-03-31T04:51:12.001Z] GET https://github.githubassets.com/assets/17363-4f4436e161accb3b.js → 200 (415ms, 14710B)
[2026-03-31T04:51:12.002Z] GET https://github.githubassets.com/assets/1097-53c0518f93b2279f.js → 200 (416ms, 16816B)
[2026-03-31T04:51:12.002Z] GET https://github.githubassets.com/assets/5289-ee15a8567f5af5cd.js → 200 (417ms, 15631B)
[2026-03-31T04:51:12.002Z] GET https://github.githubassets.com/assets/13333-26f36e4949e69e29.js → 200 (?ms, 13040B)
[2026-03-31T04:51:12.002Z] GET https://github.githubassets.com/assets/73061-beb6918fc459fe44.js → 200 (417ms, 25027B)
[2026-03-31T04:51:12.002Z] GET https://github.githubassets.com/assets/32999-e1775ab308791ee8.js → 200 (417ms, 14247B)
[2026-03-31T04:51:12.002Z] GET https://github.githubassets.com/assets/20547-1e974315ac3ce300.js → 200 (420ms, 22185B)
[2026-03-31T04:51:12.002Z] GET https://github.githubassets.com/assets/86923-b87098a71ef9d7aa.js → 200 (422ms, 13844B)
[2026-03-31T04:51:12.002Z] GET https://github.githubassets.com/assets/49972-1d7322e4559978b9.js → 200 (422ms, 14301B)
[2026-03-31T04:51:12.002Z] GET https://github.githubassets.com/assets/51162-9dc73313b69f40bf.js → 200 (435ms, 79542B)
[2026-03-31T04:51:12.002Z] GET https://github.githubassets.com/assets/96306-9be591ee0e419d2e.js → 200 (431ms, 33127B)
[2026-03-31T04:51:12.002Z] GET https://github.githubassets.com/assets/50110-a7caec2cf6afb8f4.js → 200 (?ms, 13615B)
[2026-03-31T04:51:12.002Z] GET https://github.githubassets.com/assets/26497-8b79ac451bba71db.js → 200 (445ms, 92733B)
[2026-03-31T04:51:12.002Z] GET https://github.githubassets.com/assets/66205-ad00dc35b2a28253.js → 200 (444ms, 60508B)
[2026-03-31T04:51:12.002Z] GET https://github.githubassets.com/assets/62572-40804dfa28200019.js → 200 (435ms, 14278B)
[2026-03-31T04:51:12.002Z] GET https://github.githubassets.com/assets/20978-39efb50d064be79f.js → 200 (445ms, 244839B)
[2026-03-31T04:51:12.002Z] GET https://github.githubassets.com/assets/code-view-bacf5f2b6d41d5ea.js → 200 (447ms, 114939B)
[2026-03-31T04:51:12.002Z] GET https://github.githubassets.com/assets/primer-react-css.7175a133622f7cee.module.css → 200 (?ms, 277208B)
[2026-03-31T04:51:12.002Z] GET https://github.githubassets.com/assets/51162.a1af494a12e5d0a5.module.css → 200 (32ms, 16002B)
[2026-03-31T04:51:12.002Z] GET https://github.githubassets.com/assets/66205.2331e0a6031d473d.module.css → 200 (32ms, 12222B)
[2026-03-31T04:51:12.002Z] GET https://github.githubassets.com/assets/20978.b7eb963af74c0274.module.css → 200 (32ms, 55381B)
[2026-03-31T04:51:12.002Z] GET https://github.githubassets.com/assets/code-view.4413975dcebbfd48.module.css → 200 (31ms, 18678B)
[2026-03-31T04:51:12.002Z] GET https://github.githubassets.com/assets/17960-e4da1b093fb40876.js → 200 (437ms, 10823B)
[2026-03-31T04:51:12.002Z] GET https://github.githubassets.com/assets/63746-f9cb55ce100d4ed9.js → 200 (438ms, 6159B)
[2026-03-31T04:51:12.002Z] GET https://github.githubassets.com/assets/notifications-subscriptions-menu-92b98e3fa2dc1ec4.js → 200 (438ms, 6704B)
[2026-03-31T04:51:12.002Z] GET https://github.githubassets.com/assets/notifications-subscriptions-menu.9d207f301739fea6.module.css → 200 (31ms, 2939B)
[2026-03-31T04:51:12.030Z] GET https://github.githubassets.com/assets/keyboard-shortcuts-dialog.b9ad12cb49df5e11.module.css → 200 (?ms, 331B)
[2026-03-31T04:51:12.030Z] GET https://github.githubassets.com/assets/46752-06df1a7bce5e9ba9.js → 200 (?ms, 69802B)
[2026-03-31T04:51:12.030Z] GET https://github.githubassets.com/assets/86735-25b6ede3f731457a.js → 200 (?ms, 10384B)
[2026-03-31T04:51:12.030Z] GET https://github.githubassets.com/assets/sessions-90539e93104f869a.js → 200 (?ms, 16198B)
[2026-03-31T04:51:12.031Z] GET https://github.githubassets.com/assets/marketing-navigation.9fd5a3f9c700712d.module.css → 200 (?ms, 10698B)
[2026-03-31T04:51:12.036Z] GET https://raw.githubusercontent.com/ael-code/daikin-control/master/web_gui.png → 200 (868ms, 37642B)
[2026-03-31T04:51:12.058Z] GET https://github.githubassets.com/assets/chunk-81053-7ab2a50d80857e68.js → 200 (1ms, 54046B)
[2026-03-31T04:51:12.086Z] GET https://github.githubassets.com/assets/chunk-51591-375f71c67c905659.js → 200 (?ms, 17809B)
[2026-03-31T04:51:12.087Z] GET https://github.githubassets.com/assets/chunk-34877-417678a20c83a429.js → 200 (?ms, 834B)
[2026-03-31T04:51:12.087Z] GET https://github.githubassets.com/assets/chunk-36423-c84ccea2d788d8c1.js → 200 (?ms, 11321B)
[2026-03-31T04:51:12.088Z] GET https://github.githubassets.com/assets/62758-2c52ce561820e1db.js → 200 (?ms, 14675B)
[2026-03-31T04:51:12.088Z] GET https://github.githubassets.com/assets/chunk-82097-7fc857cb5424bc8b.js → 200 (?ms, 8846B)
[2026-03-31T04:51:12.088Z] GET https://github.githubassets.com/assets/2694-7845f874754220e5.js → 200 (?ms, 24012B)
[2026-03-31T04:51:12.088Z] GET https://github.githubassets.com/assets/chunk-23482-6289b5b862e89f45.js → 200 (?ms, 12182B)
[2026-03-31T04:51:12.088Z] GET https://github.githubassets.com/assets/chunk-2257-69c78a3207fa2a70.js → 200 (1ms, 55159B)
[2026-03-31T04:51:12.089Z] GET https://github.githubassets.com/assets/55077-d510c436181016ee.js → 200 (?ms, 32175B)
[2026-03-31T04:51:12.090Z] GET https://github.githubassets.com/assets/chunk-78326-f081de5f755d62a5.js → 200 (350ms, 365B)
[2026-03-31T04:51:12.090Z] GET https://github.githubassets.com/assets/chunk-50050-754d6e747d469bea.js → 200 (?ms, 682B)
[2026-03-31T04:51:12.091Z] GET https://github.githubassets.com/assets/chunk-59342-18a3b29ba59f4265.js → 200 (348ms, 652B)
[2026-03-31T04:51:12.091Z] GET https://github.githubassets.com/assets/chunk-54704-7c556a181ae89425.js → 200 (?ms, 7484B)
[2026-03-31T04:51:12.092Z] GET https://github.githubassets.com/assets/chunk-69038-33dbfd5d912595b3.js → 200 (?ms, 576B)
[2026-03-31T04:51:12.092Z] GET https://github.githubassets.com/assets/chunk-46661-7ea70c431dcc3df8.js → 200 (?ms, 10224B)
[2026-03-31T04:51:12.092Z] GET https://github.githubassets.com/assets/36469-ba19164162d5c300.js → 200 (?ms, 9889B)
[2026-03-31T04:51:12.093Z] GET https://github.githubassets.com/assets/47028-6ae1cbb72adc783d.js → 200 (?ms, 10345B)
[2026-03-31T04:51:12.093Z] GET https://github.githubassets.com/assets/38963.f70dfea92b138b01.module.css → 200 (?ms, 311B)
[2026-03-31T04:51:12.093Z] GET https://github.githubassets.com/assets/71236-1e8b5578214f81f0.js → 200 (?ms, 11432B)
[2026-03-31T04:51:12.094Z] GET https://github.githubassets.com/assets/28174-2cfba07576c9f0e6.js → 200 (?ms, 84238B)
[2026-03-31T04:51:12.094Z] GET https://github.githubassets.com/assets/86361-514e0f60709bbb0a.js → 200 (?ms, 17907B)
[2026-03-31T04:51:12.094Z] GET https://github.githubassets.com/assets/70168.374ce4e648336309.module.css → 200 (?ms, 10683B)
[2026-03-31T04:51:12.095Z] GET https://github.com/ael-code/daikin-control/hovercards/citation/sidebar_partial?tree_name=master → 204 (810ms, ?B)
[2026-03-31T04:51:12.095Z] GET https://github.com/ael-code/daikin-control/packages_list?current_repository=daikin-control → 200 (809ms, 392B)
[2026-03-31T04:51:12.095Z] GET https://github.com/ael-code/daikin-control/used_by_list → 200 (810ms, ?B)
[2026-03-31T04:51:12.095Z] GET https://github.com/ael-code/daikin-control/contributors_list?current_repository=daikin-control&deferred=true → 200 (808ms, 3652B)
[2026-03-31T04:51:12.104Z] GET https://github.githubassets.com/assets/chunk-8206-6742cff71422573e.js → 200 (?ms, 43837B)
[2026-03-31T04:51:12.105Z] GET https://github.githubassets.com/assets/appearance-settings.93d459094e7cd3d3.module.css → 200 (?ms, 5899B)
[2026-03-31T04:51:12.142Z] GET https://github.githubassets.com/assets/53160-739a27b661a3c9b5.js → 200 (?ms, 15540B)
[2026-03-31T04:51:12.142Z] GET https://github.githubassets.com/assets/37160-d0072b602f6046af.js → 200 (1ms, 10443B)
[2026-03-31T04:51:12.143Z] GET https://github.githubassets.com/assets/71849.38231ebf5311d902.module.css → 200 (?ms, 5885B)
[2026-03-31T04:51:12.470Z] GET https://github.com/ael-code/daikin-control/latest-commit → 200 (435ms, 1566B)
[2026-03-31T04:51:12.470Z] GET https://github.com/ael-code/daikin-control/tree-commit-info → 200 (435ms, 3043B)
[2026-03-31T04:51:12.470Z] GET https://github.com/ael-code/daikin-control/recently-touched-branches → 200 (435ms, 58B)
[2026-03-31T04:51:12.470Z] GET https://github.com/ael-code/daikin-control/branch-and-tag-count → 200 (435ms, 23B)
[2026-03-31T04:51:12.500Z] GET https://github.com/ael-code/daikin-control/refs?type=branch → pending (?ms, ?B)
[2026-03-31T04:51:12.500Z] GET https://github.com/ael-code/daikin-control/overview-files/master → pending (?ms, ?B)
[2026-03-31T04:51:12.500Z] GET https://github.githubassets.com/assets/39007.5061415e86a5b611.module.css → 200 (427ms, 1687B)
[2026-03-31T04:51:12.500Z] GET https://github.githubassets.com/assets/chunk-39007-91034768f0643e8c.js → 200 (446ms, 3757B)
[2026-03-31T04:51:12.520Z] GET https://github.githubassets.com/assets/61975.b129f60ae2849f5b.module.css → 200 (?ms, 1372B)
[2026-03-31T04:51:12.520Z] GET https://github.githubassets.com/assets/chunk-61975-cc49307716883fe5.js → 200 (?ms, 3896B)
[2026-03-31T04:51:12.904Z] GET https://avatars.githubusercontent.com/u/4229536?s=64&v=4 → 200 (41ms, 1578B)
[2026-03-31T04:51:12.904Z] GET https://avatars.githubusercontent.com/u/4518584?s=64&v=4 → 200 (42ms, 1467B)
[2026-03-31T04:51:12.904Z] GET https://avatars.githubusercontent.com/u/6451491?s=64&v=4 → pending (?ms, ?B)
[2026-03-31T04:51:12.904Z] GET https://avatars.githubusercontent.com/u/9010922?s=64&v=4 → 200 (46ms, 1584B)
[2026-03-31T04:51:12.927Z] GET https://avatars.githubusercontent.com/u/9010922?v=4&size=40 → 200 (35ms, 1584B)
[2026-03-31T04:51:12.927Z] GET https://avatars.githubusercontent.com/u/676999?v=4&size=40 → pending (?ms, ?B)
[2026-03-31T04:51:13.432Z] POST https://collector.github.com/github/collect → pending (?ms, ?B)
[2026-03-31T04:51:13.443Z] POST https://api.github.com/_private/browser/stats → 200 (508ms, ?B)
[2026-03-31T04:51:13.443Z] POST https://collector.github.com/github/collect → pending (?ms, ?B)
[2026-03-31T04:51:18.436Z] POST https://collector.github.com/github/collect → pending (?ms, ?B)
[2026-03-31T04:51:22.413Z] GET https://github.com/ael-code/daikin-control/blob/master/README.md → pending (?ms, ?B)
[2026-03-31T04:51:23.312Z] GET https://github.githubassets.com/assets/light-0c8222dcd7a4f9b7.css → 200 (?ms, 76775B)
[2026-03-31T04:51:23.312Z] GET https://github.githubassets.com/assets/light_high_contrast-51c0c6e0c085cc0f.css → 200 (?ms, 77397B)
[2026-03-31T04:51:23.312Z] GET https://github.githubassets.com/assets/dark-fc6eec18532c3ae0.css → 200 (?ms, 76607B)
[2026-03-31T04:51:23.312Z] GET https://github.githubassets.com/assets/dark_high_contrast-96d7b2bab5a6ae4e.css → 200 (?ms, 77291B)
[2026-03-31T04:51:23.312Z] GET https://github.githubassets.com/assets/primer-primitives-10bf9dd67e3d70bd.css → 200 (?ms, 10084B)
[2026-03-31T04:51:23.313Z] GET https://github.githubassets.com/assets/primer-0fcd9af82350aeda.css → 200 (?ms, 412867B)
[2026-03-31T04:51:23.313Z] GET https://github.githubassets.com/assets/global-a40b6ece39d70d4a.css → 200 (?ms, 296195B)
[2026-03-31T04:51:23.313Z] GET https://github.githubassets.com/assets/github-3e4b462972b5430c.css → 200 (?ms, 156394B)
[2026-03-31T04:51:23.313Z] GET https://github.githubassets.com/assets/repository-6ec84ae2261fecf8.css → 200 (?ms, 31098B)
[2026-03-31T04:51:23.313Z] GET https://github.githubassets.com/assets/code-2d31826944fd3be8.css → 200 (?ms, 32359B)
[2026-03-31T04:51:23.313Z] GET https://github.githubassets.com/assets/high-contrast-cookie-6d9b25bb81324e28.js → 200 (?ms, 1298B)
[2026-03-31T04:51:23.313Z] GET https://github.githubassets.com/assets/wp-runtime-b3c533d5ff2c1523.js → 200 (1ms, 49487B)
[2026-03-31T04:51:23.314Z] GET https://github.githubassets.com/assets/85924-d72bd3bf2ebf2b33.js → 200 (?ms, 13478B)
[2026-03-31T04:51:23.314Z] GET https://github.githubassets.com/assets/28839-c0b8ec9e4855e70d.js → 200 (?ms, 19840B)
[2026-03-31T04:51:23.314Z] GET https://github.githubassets.com/assets/34646-e2c38a6244e0673e.js → 200 (?ms, 16465B)
[2026-03-31T04:51:23.314Z] GET https://github.githubassets.com/assets/environment-d9bacfd0e507cc58.js → 200 (?ms, 21318B)
[2026-03-31T04:51:23.314Z] GET https://github.githubassets.com/assets/runtime-helpers-9ca289a20b4287f3.js → 200 (?ms, 2747B)
[2026-03-31T04:51:23.315Z] GET https://github.githubassets.com/assets/2966-7fae197fcc122033.js → 200 (?ms, 20271B)
[2026-03-31T04:51:23.315Z] GET https://github.githubassets.com/assets/96232-81264b2e484eeea3.js → 200 (?ms, 9644B)
[2026-03-31T04:51:23.315Z] GET https://github.githubassets.com/assets/41013-98ec62b138074b3c.js → 200 (?ms, 17172B)
[2026-03-31T04:51:23.315Z] GET https://github.githubassets.com/assets/51210-4f6b60f1e56caf0b.js → 200 (?ms, 14054B)
[2026-03-31T04:51:23.315Z] GET https://github.githubassets.com/assets/77313-833d857459e22419.js → 200 (?ms, 13870B)
[2026-03-31T04:51:23.315Z] GET https://github.githubassets.com/assets/46740-6ff37d25440dfd5f.js → 200 (?ms, 12299B)
[2026-03-31T04:51:23.315Z] GET https://github.githubassets.com/assets/38915-1f770cd79bf43e3f.js → 200 (?ms, 10028B)
[2026-03-31T04:51:23.315Z] GET https://github.githubassets.com/assets/96733-d999dfe7d9c40df1.js → 200 (1ms, 176123B)
[2026-03-31T04:51:23.316Z] GET https://github.githubassets.com/assets/github-elements-f1c36b76929ccd9f.js → 200 (?ms, 31436B)
[2026-03-31T04:51:23.316Z] GET https://github.githubassets.com/assets/element-registry-6937b500ab29dc21.js → 200 (?ms, 78564B)
[2026-03-31T04:51:23.316Z] GET https://github.githubassets.com/assets/react-core-521fbfd0b21d32bc.js → 200 (?ms, 186628B)
[2026-03-31T04:51:23.316Z] GET https://github.githubassets.com/assets/react-lib-3f8a185bb97e4f4c.js → 200 (?ms, 382393B)
[2026-03-31T04:51:23.316Z] GET https://github.githubassets.com/assets/7053-9ff0fc016f8d6134.js → 200 (?ms, 8765B)
[2026-03-31T04:51:23.316Z] GET https://github.githubassets.com/assets/79039-13dc534ba9c6a63e.js → 200 (?ms, 16523B)
[2026-03-31T04:51:23.317Z] GET https://github.githubassets.com/assets/61110-91a6e672e6c52371.js → 200 (?ms, 10000B)
[2026-03-31T04:51:23.317Z] GET https://github.githubassets.com/assets/2887-7374f895742e2de6.js → 200 (?ms, 4926B)
[2026-03-31T04:51:23.317Z] GET https://github.githubassets.com/assets/26533-be3434b1ad736595.js → 200 (?ms, 74988B)
[2026-03-31T04:51:23.317Z] GET https://github.githubassets.com/assets/97745-17bf40209ad1b441.js → 200 (?ms, 29903B)
[2026-03-31T04:51:23.317Z] GET https://github.githubassets.com/assets/89155-cd29998a39b55887.js → 200 (?ms, 13249B)
[2026-03-31T04:51:23.317Z] GET https://github.githubassets.com/assets/50686-203ca12c697307e6.js → 200 (?ms, 8792B)
[2026-03-31T04:51:23.318Z] GET https://github.githubassets.com/assets/46779-a5e6403e1f8c73d8.js → 200 (?ms, 36666B)
[2026-03-31T04:51:23.318Z] GET https://github.githubassets.com/assets/60481-2dd020b8c4505ee4.js → 200 (?ms, 8245B)
[2026-03-31T04:51:23.318Z] GET https://github.githubassets.com/assets/46287-4caff6a8b1d9f9be.js → 200 (?ms, 36728B)
[2026-03-31T04:51:23.318Z] GET https://github.githubassets.com/assets/2498-97555f2269e8a9bd.js → 200 (?ms, 9131B)
[2026-03-31T04:51:23.318Z] GET https://github.githubassets.com/assets/57073-4a050339436be175.js → 200 (?ms, 15887B)
[2026-03-31T04:51:23.319Z] GET https://github.githubassets.com/assets/15625-05373890466bf366.js → 200 (?ms, 11790B)
[2026-03-31T04:51:23.319Z] GET https://github.githubassets.com/assets/48527-5de266b1da5c2e34.js → 200 (?ms, 7750B)
[2026-03-31T04:51:23.319Z] GET https://github.githubassets.com/assets/28703-c1456f1aa61b245d.js → 200 (?ms, 9832B)
[2026-03-31T04:51:23.319Z] GET https://github.githubassets.com/assets/99328-91354dc331fd4cdd.js → 200 (?ms, 7210B)
[2026-03-31T04:51:23.319Z] GET https://github.githubassets.com/assets/9211-d528dc57236b2b35.js → 200 (?ms, 71155B)
[2026-03-31T04:51:23.319Z] GET https://github.githubassets.com/assets/91184-657c34dc2b380c4c.js → 200 (?ms, 14630B)
[2026-03-31T04:51:23.319Z] GET https://github.githubassets.com/assets/97232-829cc8b566d31458.js → 200 (?ms, 9745B)
[2026-03-31T04:51:23.320Z] GET https://github.githubassets.com/assets/87774-cb19ae155ee3c918.js → 200 (?ms, 9394B)
[2026-03-31T04:51:23.320Z] GET https://github.githubassets.com/assets/27493-4c94010ef4ae1e22.js → 200 (?ms, 14543B)
[2026-03-31T04:51:23.320Z] GET https://github.githubassets.com/assets/56889-3812304955862655.js → 200 (?ms, 12490B)
[2026-03-31T04:51:23.320Z] GET https://github.githubassets.com/assets/2013-126bbbb468be7e3b.js → 200 (?ms, 10467B)
[2026-03-31T04:51:23.320Z] GET https://github.githubassets.com/assets/81564-fd44bec50cee3386.js → 200 (?ms, 7439B)
[2026-03-31T04:51:23.320Z] GET https://github.githubassets.com/assets/behaviors-abd71523bcd39e4c.js → 200 (?ms, 91070B)
[2026-03-31T04:51:23.320Z] GET https://github.githubassets.com/assets/react-core.f91ac13eb9eab8c7.module.css → 200 (?ms, 446B)
[2026-03-31T04:51:23.320Z] GET https://github.githubassets.com/assets/81863-518132d704f3d667.js → 200 (1ms, 11449B)
[2026-03-31T04:51:23.321Z] GET https://github.githubassets.com/assets/notifications-global-f520baa344c4ccaf.js → 200 (?ms, 11710B)
[2026-03-31T04:51:23.321Z] GET https://github.githubassets.com/assets/34140-23b7e387fad525e7.js → 200 (?ms, 9408B)
[2026-03-31T04:51:23.321Z] GET https://github.githubassets.com/assets/code-menu-967536ac6b424d39.js → 200 (?ms, 5807B)
[2026-03-31T04:51:23.321Z] GET https://github.githubassets.com/assets/primer-react-aeeb618a12fc9635.js → 200 (?ms, 642941B)
[2026-03-31T04:51:23.321Z] GET https://github.githubassets.com/assets/octicons-react-ca419a820093f0c2.js → 200 (?ms, 431059B)
[2026-03-31T04:51:23.321Z] GET https://github.githubassets.com/assets/87376-e0e19b9102432198.js → 200 (?ms, 40798B)
[2026-03-31T04:51:23.321Z] GET https://github.githubassets.com/assets/37869-a6edd40fc0f7a5b7.js → 200 (?ms, 32187B)
[2026-03-31T04:51:23.322Z] GET https://github.githubassets.com/assets/68751-dc22dc5f8bf5a264.js → 200 (?ms, 11906B)
[2026-03-31T04:51:23.322Z] GET https://github.githubassets.com/assets/7463-99acaf07f7d6502a.js → 200 (?ms, 22453B)
[2026-03-31T04:51:23.322Z] GET https://github.githubassets.com/assets/15272-ad5fb8cca4dc4180.js → 200 (?ms, 9690B)
[2026-03-31T04:51:23.322Z] GET https://github.githubassets.com/assets/32769-5b6132406b21f557.js → 200 (?ms, 6573B)
[2026-03-31T04:51:23.322Z] GET https://github.githubassets.com/assets/91498-79905c6495061831.js → 200 (?ms, 140686B)
[2026-03-31T04:51:23.322Z] GET https://github.githubassets.com/assets/50938-14e2342a61983e31.js → 200 (?ms, 10950B)
[2026-03-31T04:51:23.322Z] GET https://github.githubassets.com/assets/13220-130b6ffd242c3cfe.js → 200 (?ms, 11626B)
[2026-03-31T04:51:23.322Z] GET https://github.githubassets.com/assets/76707-4162f37ba2ea87f0.js → 200 (?ms, 7842B)
[2026-03-31T04:51:23.323Z] GET https://github.githubassets.com/assets/73555-64ae17df83a555e5.js → 200 (?ms, 6621B)
[2026-03-31T04:51:23.323Z] GET https://github.githubassets.com/assets/63991-e25341ef4598af2e.js → 200 (?ms, 7333B)
[2026-03-31T04:51:23.323Z] GET https://github.githubassets.com/assets/73022-d5bf08ede6053fec.js → 200 (?ms, 28112B)
[2026-03-31T04:51:23.323Z] GET https://github.githubassets.com/assets/59852-29e3420959f94d67.js → 200 (?ms, 6842B)
[2026-03-31T04:51:23.323Z] GET https://github.githubassets.com/assets/3624-d2c9f18652c46a17.js → 200 (?ms, 28126B)
[2026-03-31T04:51:23.323Z] GET https://github.githubassets.com/assets/66231-90a11d7658c3832a.js → 200 (?ms, 17307B)
[2026-03-31T04:51:23.323Z] GET https://github.githubassets.com/assets/36600-0968e4df2bde843a.js → 200 (?ms, 33275B)
[2026-03-31T04:51:23.323Z] GET https://github.githubassets.com/assets/78956-5698740e5c79c5a7.js → 200 (?ms, 13744B)
[2026-03-31T04:51:23.323Z] GET https://github.githubassets.com/assets/18222-4323474564e5aecc.js → 200 (?ms, 54942B)
[2026-03-31T04:51:23.324Z] GET https://github.githubassets.com/assets/4916-4cfd8dd432dcda55.js → 200 (?ms, 5354B)
[2026-03-31T04:51:23.324Z] GET https://github.githubassets.com/assets/24787-1e80460305bfacf6.js → 200 (?ms, 9489B)
[2026-03-31T04:51:23.324Z] GET https://github.githubassets.com/assets/17363-4f4436e161accb3b.js → 200 (?ms, 14710B)
[2026-03-31T04:51:23.324Z] GET https://github.githubassets.com/assets/1097-53c0518f93b2279f.js → 200 (?ms, 16816B)
[2026-03-31T04:51:23.324Z] GET https://github.githubassets.com/assets/5289-ee15a8567f5af5cd.js → 200 (?ms, 15631B)
[2026-03-31T04:51:23.324Z] GET https://github.githubassets.com/assets/13333-26f36e4949e69e29.js → 200 (?ms, 13040B)
[2026-03-31T04:51:23.324Z] GET https://github.githubassets.com/assets/73061-beb6918fc459fe44.js → 200 (?ms, 25027B)
[2026-03-31T04:51:23.324Z] GET https://github.githubassets.com/assets/32999-e1775ab308791ee8.js → 200 (1ms, 14247B)
[2026-03-31T04:51:23.325Z] GET https://github.githubassets.com/assets/20547-1e974315ac3ce300.js → 200 (?ms, 22185B)
[2026-03-31T04:51:23.325Z] GET https://github.githubassets.com/assets/86923-b87098a71ef9d7aa.js → 200 (?ms, 13844B)
[2026-03-31T04:51:23.325Z] GET https://github.githubassets.com/assets/49972-1d7322e4559978b9.js → 200 (?ms, 14301B)
[2026-03-31T04:51:23.325Z] GET https://github.githubassets.com/assets/51162-9dc73313b69f40bf.js → 200 (?ms, 79542B)
[2026-03-31T04:51:23.325Z] GET https://github.githubassets.com/assets/96306-9be591ee0e419d2e.js → 200 (?ms, 33127B)
[2026-03-31T04:51:23.325Z] GET https://github.githubassets.com/assets/50110-a7caec2cf6afb8f4.js → 200 (?ms, 13615B)
[2026-03-31T04:51:23.325Z] GET https://github.githubassets.com/assets/26497-8b79ac451bba71db.js → 200 (?ms, 92733B)
[2026-03-31T04:51:23.325Z] GET https://github.githubassets.com/assets/66205-ad00dc35b2a28253.js → 200 (?ms, 60508B)
[2026-03-31T04:51:23.325Z] GET https://github.githubassets.com/assets/62572-40804dfa28200019.js → 200 (1ms, 14278B)
[2026-03-31T04:51:23.326Z] GET https://github.githubassets.com/assets/20978-39efb50d064be79f.js → 200 (?ms, 244839B)
[2026-03-31T04:51:23.326Z] GET https://github.githubassets.com/assets/code-view-bacf5f2b6d41d5ea.js → 200 (?ms, 114939B)
[2026-03-31T04:51:23.326Z] GET https://github.githubassets.com/assets/primer-react-css.7175a133622f7cee.module.css → 200 (?ms, 277208B)
[2026-03-31T04:51:23.326Z] GET https://github.githubassets.com/assets/51162.a1af494a12e5d0a5.module.css → 200 (?ms, 16002B)
[2026-03-31T04:51:23.326Z] GET https://github.githubassets.com/assets/66205.2331e0a6031d473d.module.css → 200 (?ms, 12222B)
[2026-03-31T04:51:23.326Z] GET https://github.githubassets.com/assets/20978.b7eb963af74c0274.module.css → 200 (?ms, 55381B)
[2026-03-31T04:51:23.326Z] GET https://github.githubassets.com/assets/code-view.4413975dcebbfd48.module.css → 200 (?ms, 18678B)
[2026-03-31T04:51:23.326Z] GET https://github.githubassets.com/assets/17960-e4da1b093fb40876.js → 200 (1ms, 10823B)
[2026-03-31T04:51:23.327Z] GET https://github.githubassets.com/assets/63746-f9cb55ce100d4ed9.js → 200 (?ms, 6159B)
[2026-03-31T04:51:23.327Z] GET https://github.githubassets.com/assets/notifications-subscriptions-menu-92b98e3fa2dc1ec4.js → 200 (?ms, 6704B)
[2026-03-31T04:51:23.328Z] GET https://github.githubassets.com/assets/notifications-subscriptions-menu.9d207f301739fea6.module.css → 200 (?ms, 2939B)
[2026-03-31T04:51:23.329Z] GET https://github.githubassets.com/assets/keyboard-shortcuts-dialog.b9ad12cb49df5e11.module.css → 200 (?ms, 331B)
[2026-03-31T04:51:23.329Z] GET https://github.githubassets.com/assets/46752-06df1a7bce5e9ba9.js → 200 (?ms, 69802B)
[2026-03-31T04:51:23.329Z] GET https://github.githubassets.com/assets/86735-25b6ede3f731457a.js → 200 (?ms, 10384B)
[2026-03-31T04:51:23.329Z] GET https://github.githubassets.com/assets/sessions-90539e93104f869a.js → 200 (1ms, 16198B)
[2026-03-31T04:51:23.330Z] GET https://github.githubassets.com/assets/marketing-navigation.9fd5a3f9c700712d.module.css → 200 (?ms, 10698B)
[2026-03-31T04:51:23.330Z] GET https://raw.githubusercontent.com/ael-code/daikin-control/master/web_gui.png → 200 (?ms, 37642B)
[2026-03-31T04:51:23.373Z] GET https://github.githubassets.com/assets/chunk-81053-7ab2a50d80857e68.js → 200 (?ms, 54046B)
[2026-03-31T04:51:23.391Z] GET https://github.com/ael-code/daikin-control/deferred-metadata/master/README.md → 200 (410ms, 194B)
[2026-03-31T04:51:23.391Z] GET https://github.com/ael-code/daikin-control/latest-commit/master/README.md → 200 (380ms, 1566B)
[2026-03-31T04:51:23.427Z] GET https://github.githubassets.com/assets/chunk-51591-375f71c67c905659.js → 200 (?ms, 17809B)
[2026-03-31T04:51:23.428Z] GET https://github.githubassets.com/assets/chunk-34877-417678a20c83a429.js → 200 (?ms, 834B)
[2026-03-31T04:51:23.428Z] GET https://github.githubassets.com/assets/chunk-36423-c84ccea2d788d8c1.js → 200 (?ms, 11321B)
[2026-03-31T04:51:23.428Z] GET https://github.githubassets.com/assets/62758-2c52ce561820e1db.js → 200 (?ms, 14675B)
[2026-03-31T04:51:23.428Z] GET https://github.githubassets.com/assets/chunk-82097-7fc857cb5424bc8b.js → 200 (?ms, 8846B)
[2026-03-31T04:51:23.428Z] GET https://github.githubassets.com/assets/2694-7845f874754220e5.js → 200 (?ms, 24012B)
[2026-03-31T04:51:23.428Z] GET https://github.githubassets.com/assets/chunk-23482-6289b5b862e89f45.js → 200 (?ms, 12182B)
[2026-03-31T04:51:23.428Z] GET https://github.githubassets.com/assets/chunk-2257-69c78a3207fa2a70.js → 200 (?ms, 55159B)
[2026-03-31T04:51:23.428Z] GET https://github.githubassets.com/assets/55077-d510c436181016ee.js → 200 (?ms, 32175B)
[2026-03-31T04:51:23.428Z] GET https://github.githubassets.com/assets/chunk-78326-f081de5f755d62a5.js → 200 (?ms, 365B)
[2026-03-31T04:51:23.428Z] GET https://github.githubassets.com/assets/chunk-50050-754d6e747d469bea.js → 200 (?ms, 682B)
[2026-03-31T04:51:23.428Z] GET https://github.githubassets.com/assets/chunk-59342-18a3b29ba59f4265.js → 200 (1ms, 652B)
[2026-03-31T04:51:23.429Z] GET https://github.githubassets.com/assets/chunk-54704-7c556a181ae89425.js → 200 (?ms, 7484B)
[2026-03-31T04:51:23.429Z] GET https://github.githubassets.com/assets/chunk-69038-33dbfd5d912595b3.js → 200 (?ms, 576B)
[2026-03-31T04:51:23.429Z] GET https://github.githubassets.com/assets/chunk-46661-7ea70c431dcc3df8.js → 200 (?ms, 10224B)
[2026-03-31T04:51:23.429Z] GET https://github.githubassets.com/assets/36469-ba19164162d5c300.js → 200 (?ms, 9889B)
[2026-03-31T04:51:23.429Z] GET https://github.githubassets.com/assets/47028-6ae1cbb72adc783d.js → 200 (?ms, 10345B)
[2026-03-31T04:51:23.429Z] GET https://github.githubassets.com/assets/38963.f70dfea92b138b01.module.css → 200 (?ms, 311B)
[2026-03-31T04:51:23.429Z] GET https://github.githubassets.com/assets/71236-1e8b5578214f81f0.js → 200 (?ms, 11432B)
[2026-03-31T04:51:23.431Z] GET https://github.githubassets.com/assets/28174-2cfba07576c9f0e6.js → 200 (?ms, 84238B)
[2026-03-31T04:51:23.431Z] GET https://github.githubassets.com/assets/86361-514e0f60709bbb0a.js → 200 (?ms, 17907B)
[2026-03-31T04:51:23.431Z] GET https://github.githubassets.com/assets/70168.374ce4e648336309.module.css → 200 (?ms, 10683B)
[2026-03-31T04:51:23.456Z] POST https://collector.github.com/github/collect → pending (?ms, ?B)
[2026-03-31T04:51:23.467Z] GET https://github.githubassets.com/assets/chunk-8206-6742cff71422573e.js → 200 (1ms, 43837B)
[2026-03-31T04:51:23.468Z] GET https://github.githubassets.com/assets/appearance-settings.93d459094e7cd3d3.module.css → 200 (?ms, 5899B)
[2026-03-31T04:51:23.499Z] GET https://github.githubassets.com/assets/53160-739a27b661a3c9b5.js → 200 (?ms, 15540B)
[2026-03-31T04:51:23.499Z] GET https://github.githubassets.com/assets/37160-d0072b602f6046af.js → 200 (?ms, 10443B)
[2026-03-31T04:51:23.499Z] GET https://github.githubassets.com/assets/71849.38231ebf5311d902.module.css → 200 (?ms, 5885B)
[2026-03-31T04:51:23.519Z] POST https://collector.github.com/github/collect → 204 (337ms, ?B)
[2026-03-31T04:51:23.525Z] GET https://github.githubassets.com/assets/61975.b129f60ae2849f5b.module.css → 200 (?ms, 1372B)
[2026-03-31T04:51:23.525Z] GET https://github.githubassets.com/assets/chunk-61975-cc49307716883fe5.js → 200 (?ms, 3896B)
[2026-03-31T04:51:23.525Z] POST https://api.github.com/_private/browser/stats → 200 (458ms, ?B)
[2026-03-31T04:51:23.525Z] POST https://collector.github.com/github/collect → 204 (278ms, ?B)
[2026-03-31T04:51:23.800Z] GET https://avatars.githubusercontent.com/u/9010922?v=4&size=40 → 200 (?ms, 1584B)
[2026-03-31T04:51:23.800Z] GET https://avatars.githubusercontent.com/u/676999?v=4&size=40 → 200 (?ms, 1350B)
[2026-03-31T04:51:28.530Z] POST https://collector.github.com/github/collect → pending (?ms, ?B)
